1550339240272	mozrunner::runner	INFO	Running command: "C:\\Program Files (x86)\\Mozilla Firefox\\firefox.exe" "-marionette" "-foreground" "-no-remote" "-profile" "C:\\Users\\Apop85\\AppData\\Local\\Temp\\rust_mozprofile.gOtCaztd6D3E"
1550339240804	addons.webextension.screenshots@mozilla.org	WARN	Loading extension 'screenshots@mozilla.org': Reading manifest: Invalid host permission: resource://pdf.js/
1550339240804	addons.webextension.screenshots@mozilla.org	WARN	Loading extension 'screenshots@mozilla.org': Reading manifest: Invalid host permission: about:reader*
1550339242250	Marionette	INFO	Listening on port 56138
1550339242538	Marionette	WARN	TLS certificate errors will be ignored for this session
JavaScript error: https://play2048.co/js/html_actuator.js, line 151: ReferenceError: twttr is not defined
JavaScript error: https://play2048.co/js/html_actuator.js, line 151: ReferenceError: twttr is not defined
JavaScript error: https://play2048.co/js/html_actuator.js, line 151: ReferenceError: twttr is not defined
JavaScript error: https://play2048.co/js/html_actuator.js, line 151: ReferenceError: twttr is not defined
JavaScript error: https://play2048.co/js/html_actuator.js, line 151: ReferenceError: twttr is not defined
JavaScript error: https://play2048.co/js/html_actuator.js, line 151: ReferenceError: twttr is not defined
JavaScript error: https://play2048.co/js/html_actuator.js, line 151: ReferenceError: twttr is not defined
JavaScript error: https://play2048.co/js/html_actuator.js, line 151: ReferenceError: twttr is not defined
JavaScript error: https://play2048.co/js/html_actuator.js, line 151: ReferenceError: twttr is not defined
JavaScript error: https://play2048.co/js/html_actuator.js, line 151: ReferenceError: twttr is not defined
JavaScript error: https://play2048.co/js/html_actuator.js, line 151: ReferenceError: twttr is not defined
JavaScript error: https://play2048.co/js/html_actuator.js, line 151: ReferenceError: twttr is not defined
JavaScript error: https://play2048.co/js/html_actuator.js, line 151: ReferenceError: twttr is not defined
JavaScript error: https://play2048.co/js/html_actuator.js, line 151: ReferenceError: twttr is not defined
JavaScript error: https://play2048.co/js/html_actuator.js, line 151: ReferenceError: twttr is not defined
JavaScript error: https://play2048.co/js/html_actuator.js, line 151: ReferenceError: twttr is not defined
JavaScript error: https://play2048.co/js/html_actuator.js, line 151: ReferenceError: twttr is not defined
JavaScript error: https://play2048.co/js/html_actuator.js, line 151: ReferenceError: twttr is not defined
JavaScript error: https://play2048.co/js/html_actuator.js, line 151: ReferenceError: twttr is not defined
JavaScript error: https://play2048.co/js/html_actuator.js, line 151: ReferenceError: twttr is not defined
JavaScript error: https://play2048.co/js/html_actuator.js, line 151: ReferenceError: twttr is not defined
console.error: BroadcastService: 
  receivedBroadcastMessage: handler for
  remote-settings/monitor_changes
  threw error:
  Message: Error: Polling for changes failed: NetworkError when attempting to fetch resource..
  Stack:
    remoteSettingsFunction/remoteSettings.pollChanges@resource://services-settings/remote-settings.js:188:13

JavaScript error: https://play2048.co/js/html_actuator.js, line 151: ReferenceError: twttr is not defined
JavaScript error: https://play2048.co/js/html_actuator.js, line 151: ReferenceError: twttr is not defined
[Child 8380, Chrome_ChildThread] WARNING: pipe error: 109: file z:/build/build/src/ipc/chromium/src/chrome/common/ipc_channel_win.cc, line 332
[Child 8380,[Parent 14696, Gecko_IOThread] WARNING: pipe error: 109: file z:/build/build/src/ipc/chromium/src/chrome/common/ipc_channel_win.cc, line 332
[Child 7404, Chrome_ChildThread] WARNING: pipe error: 109: file z:/build/build/src/ipc/chromium/src/chrome/common/ipc_channel_win.cc, line 332
[Child 741550339412566	Marionette	INFO	Stopped listening on port 56138

###!!! [Child][RunMessage] Error: Channel closing: too late to send/recv, messages will be lost


###!!! [Child][MessageChannel::SendAndWait] Error: Channel error: cannot send/recv

